<?xml version="1.0" encoding="UTF-8"?>
<testsuite name="ai.clarity.portfolio.PortfolioCompositionTest" tests="4" skipped="0" failures="0" errors="0" timestamp="2022-06-24T10:54:00" hostname="miguelrivero-l" time="0.027">
  <properties/>
  <testcase name="test_create_portfolio_with_shorts_remove_shorts_and_normalize()" classname="ai.clarity.portfolio.PortfolioCompositionTest" time="0.022"/>
  <testcase name="test_create_regular_portfolio()" classname="ai.clarity.portfolio.PortfolioCompositionTest" time="0.001"/>
  <testcase name="test_create_portfolio_with_shorts()" classname="ai.clarity.portfolio.PortfolioCompositionTest" time="0.001"/>
  <testcase name="test_create_portfolio_without_shorts_and_normalize_has_no_effect()" classname="ai.clarity.portfolio.PortfolioCompositionTest" time="0.001"/>
  <system-out><![CDATA[]]></system-out>
  <system-err><![CDATA[]]></system-err>
</testsuite>
